LIVEPLUS/app/build/intermediates/manifest_merge_blame_file/debug/manifest-merger-blame-debug-report.txt
1<?xml version="1.0" encoding="utf-8"?>
2<manifest xmlns:android="http://schemas.android.com/apk/res/android"
3    package="com.dramalive.app"
4    android:versionCode="1"
5    android:versionName="1.0" >
6
7    <uses-sdk
8        android:minSdkVersion="24"
9        android:targetSdkVersion="34" />
10
11    <uses-permission android:name="android.permission.INTERNET" />
11-->src\main\AndroidManifest.xml:5:5-67
11-->src\main\AndroidManifest.xml:5:22-64
12    <uses-permission android:name="android.permission.ACCESS_NETWORK_STATE" />
12-->src\main\AndroidManifest.xml:6:5-79
12-->src\main\AndroidManifest.xml:6:22-76
13    <uses-permission android:name="android.permission.WAKE_LOCK" />
13-->[com.google.android.gms:play-services-measurement-api:21.3.0] AndroidManifest.xml:24:5-68
13-->[com.google.android.gms:play-services-measurement-api:21.3.0] AndroidManifest.xml:24:22-65
14    <uses-permission android:name="com.google.android.gms.permission.AD_ID" />
14-->[com.google.android.gms:play-services-measurement-api:21.3.0] AndroidManifest.xml:25:5-79
14-->[com.google.android.gms:play-services-measurement-api:21.3.0] AndroidManifest.xml:25:22-76
15    <uses-permission android:name="com.google.android.finsky.permission.BIND_GET_INSTALL_REFERRER_SERVICE" />
15-->[com.google.android.gms:play-services-measurement:21.3.0] AndroidManifest.xml:26:5-110
15-->[com.google.android.gms:play-services-measurement:21.3.0] AndroidManifest.xml:26:22-107
16
17    <permission
17-->[androidx.core:core:1.12.0] AndroidManifest.xml:22:5-24:47
18        android:name="com.dramalive.app.DYNAMIC_RECEIVER_NOT_EXPORTED_PERMISSION"
18-->[androidx.core:core:1.12.0] AndroidManifest.xml:23:9-81
19        android:protectionLevel="signature" />
19-->[androidx.core:core:1.12.0] AndroidManifest.xml:24:9-44
20
21    <uses-permission android:name="com.dramalive.app.DYNAMIC_RECEIVER_NOT_EXPORTED_PERMISSION" />
21-->[androidx.core:core:1.12.0] AndroidManifest.xml:26:5-97
21-->[androidx.core:core:1.12.0] AndroidManifest.xml:26:22-94
22
23    <application
23-->src\main\AndroidManifest.xml:8:5-30:19
24        android:allowBackup="true"
24-->src\main\AndroidManifest.xml:9:9-35
25        android:appComponentFactory="androidx.core.app.CoreComponentFactory"
25-->[androidx.core:core:1.12.0] AndroidManifest.xml:28:18-86
26        android:dataExtractionRules="@xml/data_extraction_rules"
26-->src\main\AndroidManifest.xml:10:9-65
27        android:debuggable="true"
28        android:extractNativeLibs="false"
29        android:fullBackupContent="@xml/backup_rules"
29-->src\main\AndroidManifest.xml:11:9-54
30        android:icon="@mipmap/ic_launcher"
30-->src\main\AndroidManifest.xml:12:9-43
31        android:label="@string/app_name"
31-->src\main\AndroidManifest.xml:13:9-41
32        android:roundIcon="@mipmap/ic_launcher_round"
32-->src\main\AndroidManifest.xml:14:9-54
33        android:supportsRtl="true"
33-->src\main\AndroidManifest.xml:15:9-35
34        android:theme="@style/Theme.DramaLive" >
34-->src\main\AndroidManifest.xml:16:9-47
35        <activity
35-->src\main\AndroidManifest.xml:18:9-29:20
36            android:name="com.dramalive.app.MainActivity"
36-->src\main\AndroidManifest.xml:19:13-41
37            android:configChanges="screenSize|smallestScreenSize|screenLayout|orientation"
37-->src\main\AndroidManifest.xml:24:13-91
38            android:exported="true"
38-->src\main\AndroidManifest.xml:20:13-36
39            android:label="@string/app_name"
39-->src\main\AndroidManifest.xml:21:13-45
40            android:supportsPictureInPicture="true"
40-->src\main\AndroidManifest.xml:23:13-52
41            android:theme="@style/Theme.DramaLive" >
41-->src\main\AndroidManifest.xml:22:13-51
42            <intent-filter>
42-->src\main\AndroidManifest.xml:25:13-28:29
43                <action android:name="android.intent.action.MAIN" />
43-->src\main\AndroidManifest.xml:26:17-69
43-->src\main\AndroidManifest.xml:26:25-66
44
45                <category android:name="android.intent.category.LAUNCHER" />
45-->src\main\AndroidManifest.xml:27:17-77
45-->src\main\AndroidManifest.xml:27:27-74
46            </intent-filter>
47        </activity>
48        <activity
48-->[androidx.compose.ui:ui-test-manifest:1.5.0] AndroidManifest.xml:23:9-25:39
49            android:name="androidx.activity.ComponentActivity"
49-->[androidx.compose.ui:ui-test-manifest:1.5.0] AndroidManifest.xml:24:13-63
50            android:exported="true" />
50-->[androidx.compose.ui:ui-test-manifest:1.5.0] AndroidManifest.xml:25:13-36
51        <activity
51-->[androidx.compose.ui:ui-tooling-android:1.5.0] AndroidManifest.xml:23:9-25:39
52            android:name="androidx.compose.ui.tooling.PreviewActivity"
52-->[androidx.compose.ui:ui-tooling-android:1.5.0] AndroidManifest.xml:24:13-71
53            android:exported="true" />
53-->[androidx.compose.ui:ui-tooling-android:1.5.0] AndroidManifest.xml:25:13-36
54        <activity
54-->[com.google.android.gms:play-services-auth:20.7.0] AndroidManifest.xml:23:9-27:75
55            android:name="com.google.android.gms.auth.api.signin.internal.SignInHubActivity"
55-->[com.google.android.gms:play-services-auth:20.7.0] AndroidManifest.xml:24:13-93
56            android:excludeFromRecents="true"
56-->[com.google.android.gms:play-services-auth:20.7.0] AndroidManifest.xml:25:13-46
57            android:exported="false"
57-->[com.google.android.gms:play-services-auth:20.7.0] AndroidManifest.xml:26:13-37
58            android:theme="@android:style/Theme.Translucent.NoTitleBar" />
58-->[com.google.android.gms:play-services-auth:20.7.0] AndroidManifest.xml:27:13-72
59        <!--
60            Service handling Google Sign-In user revocation. For apps that do not integrate with
61            Google Sign-In, this service will never be started.
62        -->
63        <service
63-->[com.google.android.gms:play-services-auth:20.7.0] AndroidManifest.xml:33:9-37:51
64            android:name="com.google.android.gms.auth.api.signin.RevocationBoundService"
64-->[com.google.android.gms:play-services-auth:20.7.0] AndroidManifest.xml:34:13-89
65            android:exported="true"
65-->[com.google.android.gms:play-services-auth:20.7.0] AndroidManifest.xml:35:13-36
66            android:permission="com.google.android.gms.auth.api.signin.permission.REVOCATION_NOTIFICATION"
66-->[com.google.android.gms:play-services-auth:20.7.0] AndroidManifest.xml:36:13-107
67            android:visibleToInstantApps="true" />
67-->[com.google.android.gms:play-services-auth:20.7.0] AndroidManifest.xml:37:13-48
68        <service
68-->[com.google.firebase:firebase-auth-ktx:22.1.2] AndroidManifest.xml:8:9-14:19
69            android:name="com.google.firebase.components.ComponentDiscoveryService"
69-->[com.google.firebase:firebase-auth-ktx:22.1.2] AndroidManifest.xml:9:13-84
70            android:directBootAware="true"
70-->[com.google.firebase:firebase-common:20.3.3] AndroidManifest.xml:34:13-43
71            android:exported="false" >
71-->[com.google.firebase:firebase-auth-ktx:22.1.2] AndroidManifest.xml:10:13-37
72            <meta-data
72-->[com.google.firebase:firebase-auth-ktx:22.1.2] AndroidManifest.xml:11:13-13:85
73                android:name="com.google.firebase.components:com.google.firebase.auth.ktx.FirebaseAuthKtxRegistrar"
73-->[com.google.firebase:firebase-auth-ktx:22.1.2] AndroidManifest.xml:12:17-116
74                android:value="com.google.firebase.components.ComponentRegistrar" />
74-->[com.google.firebase:firebase-auth-ktx:22.1.2] AndroidManifest.xml:13:17-82
75            <meta-data
75-->[com.google.firebase:firebase-auth:22.1.2] AndroidManifest.xml:69:13-71:85
76                android:name="com.google.firebase.components:com.google.firebase.auth.FirebaseAuthRegistrar"
76-->[com.google.firebase:firebase-auth:22.1.2] AndroidManifest.xml:70:17-109
77                android:value="com.google.firebase.components.ComponentRegistrar" />
77-->[com.google.firebase:firebase-auth:22.1.2] AndroidManifest.xml:71:17-82
78            <meta-data
78-->[com.google.firebase:firebase-analytics-ktx:21.3.0] AndroidManifest.xml:11:13-13:85
79                android:name="com.google.firebase.components:com.google.firebase.analytics.ktx.FirebaseAnalyticsKtxRegistrar"
79-->[com.google.firebase:firebase-analytics-ktx:21.3.0] AndroidManifest.xml:12:17-126
80                android:value="com.google.firebase.components.ComponentRegistrar" />
80-->[com.google.firebase:firebase-analytics-ktx:21.3.0] AndroidManifest.xml:13:17-82
81            <meta-data
81-->[com.google.firebase:firebase-common-ktx:20.3.3] AndroidManifest.xml:14:13-16:85
82                android:name="com.google.firebase.components:com.google.firebase.ktx.FirebaseCommonKtxRegistrar"
82-->[com.google.firebase:firebase-common-ktx:20.3.3] AndroidManifest.xml:15:17-113
83                android:value="com.google.firebase.components.ComponentRegistrar" />
83-->[com.google.firebase:firebase-common-ktx:20.3.3] AndroidManifest.xml:16:17-82
84            <meta-data
84-->[com.google.android.gms:play-services-measurement-api:21.3.0] AndroidManifest.xml:31:13-33:85
85                android:name="com.google.firebase.components:com.google.firebase.analytics.connector.internal.AnalyticsConnectorRegistrar"
85-->[com.google.android.gms:play-services-measurement-api:21.3.0] AndroidManifest.xml:32:17-139
86                android:value="com.google.firebase.components.ComponentRegistrar" />
86-->[com.google.android.gms:play-services-measurement-api:21.3.0] AndroidManifest.xml:33:17-82
87            <meta-data
87-->[com.google.firebase:firebase-installations:17.1.4] AndroidManifest.xml:15:13-17:85
88                android:name="com.google.firebase.components:com.google.firebase.installations.FirebaseInstallationsRegistrar"
88-->[com.google.firebase:firebase-installations:17.1.4] AndroidManifest.xml:16:17-127
89                android:value="com.google.firebase.components.ComponentRegistrar" />
89-->[com.google.firebase:firebase-installations:17.1.4] AndroidManifest.xml:17:17-82
90        </service>
91
92        <activity
92-->[com.google.firebase:firebase-auth:22.1.2] AndroidManifest.xml:29:9-46:20
93            android:name="com.google.firebase.auth.internal.GenericIdpActivity"
93-->[com.google.firebase:firebase-auth:22.1.2] AndroidManifest.xml:30:13-80
94            android:excludeFromRecents="true"
94-->[com.google.firebase:firebase-auth:22.1.2] AndroidManifest.xml:31:13-46
95            android:exported="true"
95-->[com.google.firebase:firebase-auth:22.1.2] AndroidManifest.xml:32:13-36
96            android:launchMode="singleTask"
96-->[com.google.firebase:firebase-auth:22.1.2] AndroidManifest.xml:33:13-44
97            android:theme="@android:style/Theme.Translucent.NoTitleBar" >
97-->[com.google.firebase:firebase-auth:22.1.2] AndroidManifest.xml:34:13-72
98            <intent-filter>
98-->[com.google.firebase:firebase-auth:22.1.2] AndroidManifest.xml:35:13-45:29
99                <action android:name="android.intent.action.VIEW" />
99-->[com.google.firebase:firebase-auth:22.1.2] AndroidManifest.xml:36:17-69
99-->[com.google.firebase:firebase-auth:22.1.2] AndroidManifest.xml:36:25-66
100
101                <category android:name="android.intent.category.DEFAULT" />
101-->[com.google.firebase:firebase-auth:22.1.2] AndroidManifest.xml:38:17-76
101-->[com.google.firebase:firebase-auth:22.1.2] AndroidManifest.xml:38:27-73
102                <category android:name="android.intent.category.BROWSABLE" />
102-->[com.google.firebase:firebase-auth:22.1.2] AndroidManifest.xml:39:17-78
102-->[com.google.firebase:firebase-auth:22.1.2] AndroidManifest.xml:39:27-75
103
104                <data
104-->[com.google.firebase:firebase-auth:22.1.2] AndroidManifest.xml:41:17-44:51
105                    android:host="firebase.auth"
105-->[com.google.firebase:firebase-auth:22.1.2] AndroidManifest.xml:42:21-49
106                    android:path="/"
106-->[com.google.firebase:firebase-auth:22.1.2] AndroidManifest.xml:43:21-37
107                    android:scheme="genericidp" />
107-->[com.google.firebase:firebase-auth:22.1.2] AndroidManifest.xml:44:21-48
108            </intent-filter>
109        </activity>
110        <activity
110-->[com.google.firebase:firebase-auth:22.1.2] AndroidManifest.xml:47:9-64:20
111            android:name="com.google.firebase.auth.internal.RecaptchaActivity"
111-->[com.google.firebase:firebase-auth:22.1.2] AndroidManifest.xml:48:13-79
112            android:excludeFromRecents="true"
112-->[com.google.firebase:firebase-auth:22.1.2] AndroidManifest.xml:49:13-46
113            android:exported="true"
113-->[com.google.firebase:firebase-auth:22.1.2] AndroidManifest.xml:50:13-36
114            android:launchMode="singleTask"
114-->[com.google.firebase:firebase-auth:22.1.2] AndroidManifest.xml:51:13-44
115            android:theme="@android:style/Theme.Translucent.NoTitleBar" >
115-->[com.google.firebase:firebase-auth:22.1.2] AndroidManifest.xml:52:13-72
116            <intent-filter>
116-->[com.google.firebase:firebase-auth:22.1.2] AndroidManifest.xml:53:13-63:29
117                <action android:name="android.intent.action.VIEW" />
117-->[com.google.firebase:firebase-auth:22.1.2] AndroidManifest.xml:36:17-69
117-->[com.google.firebase:firebase-auth:22.1.2] AndroidManifest.xml:36:25-66
118
119                <category android:name="android.intent.category.DEFAULT" />
119-->[com.google.firebase:firebase-auth:22.1.2] AndroidManifest.xml:38:17-76
119-->[com.google.firebase:firebase-auth:22.1.2] AndroidManifest.xml:38:27-73
120                <category android:name="android.intent.category.BROWSABLE" />
120-->[com.google.firebase:firebase-auth:22.1.2] AndroidManifest.xml:39:17-78
120-->[com.google.firebase:firebase-auth:22.1.2] AndroidManifest.xml:39:27-75
121
122                <data
122-->[com.google.firebase:firebase-auth:22.1.2] AndroidManifest.xml:41:17-44:51
123                    android:host="firebase.auth"
123-->[com.google.firebase:firebase-auth:22.1.2] AndroidManifest.xml:42:21-49
124                    android:path="/"
124-->[com.google.firebase:firebase-auth:22.1.2] AndroidManifest.xml:43:21-37
125                    android:scheme="recaptcha" />
125-->[com.google.firebase:firebase-auth:22.1.2] AndroidManifest.xml:44:21-48
126            </intent-filter>
127        </activity>
128        <activity
128-->[com.google.android.gms:play-services-base:18.0.1] AndroidManifest.xml:20:9-22:45
129            android:name="com.google.android.gms.common.api.GoogleApiActivity"
129-->[com.google.android.gms:play-services-base:18.0.1] AndroidManifest.xml:20:19-85
130            android:exported="false"
130-->[com.google.android.gms:play-services-base:18.0.1] AndroidManifest.xml:22:19-43
131            android:theme="@android:style/Theme.Translucent.NoTitleBar" />
131-->[com.google.android.gms:play-services-base:18.0.1] AndroidManifest.xml:21:19-78
132
133        <provider
133-->[com.google.firebase:firebase-common:20.3.3] AndroidManifest.xml:25:9-30:39
134            android:name="com.google.firebase.provider.FirebaseInitProvider"
134-->[com.google.firebase:firebase-common:20.3.3] AndroidManifest.xml:26:13-77
135            android:authorities="com.dramalive.app.firebaseinitprovider"
135-->[com.google.firebase:firebase-common:20.3.3] AndroidManifest.xml:27:13-72
136            android:directBootAware="true"
136-->[com.google.firebase:firebase-common:20.3.3] AndroidManifest.xml:28:13-43
137            android:exported="false"
137-->[com.google.firebase:firebase-common:20.3.3] AndroidManifest.xml:29:13-37
138            android:initOrder="100" />
138-->[com.google.firebase:firebase-common:20.3.3] AndroidManifest.xml:30:13-36
139
140        <receiver
140-->[com.google.android.gms:play-services-measurement:21.3.0] AndroidManifest.xml:29:9-33:20
141            android:name="com.google.android.gms.measurement.AppMeasurementReceiver"
141-->[com.google.android.gms:play-services-measurement:21.3.0] AndroidManifest.xml:30:13-85
142            android:enabled="true"
142-->[com.google.android.gms:play-services-measurement:21.3.0] AndroidManifest.xml:31:13-35
143            android:exported="false" >
143-->[com.google.android.gms:play-services-measurement:21.3.0] AndroidManifest.xml:32:13-37
144        </receiver>
145
146        <service
146-->[com.google.android.gms:play-services-measurement:21.3.0] AndroidManifest.xml:35:9-38:40
147            android:name="com.google.android.gms.measurement.AppMeasurementService"
147-->[com.google.android.gms:play-services-measurement:21.3.0] AndroidManifest.xml:36:13-84
148            android:enabled="true"
148-->[com.google.android.gms:play-services-measurement:21.3.0] AndroidManifest.xml:37:13-35
149            android:exported="false" />
149-->[com.google.android.gms:play-services-measurement:21.3.0] AndroidManifest.xml:38:13-37
150        <service
150-->[com.google.android.gms:play-services-measurement:21.3.0] AndroidManifest.xml:39:9-43:72
151            android:name="com.google.android.gms.measurement.AppMeasurementJobService"
151-->[com.google.android.gms:play-services-measurement:21.3.0] AndroidManifest.xml:40:13-87
152            android:enabled="true"
152-->[com.google.android.gms:play-services-measurement:21.3.0] AndroidManifest.xml:41:13-35
153            android:exported="false"
153-->[com.google.android.gms:play-services-measurement:21.3.0] AndroidManifest.xml:42:13-37
154            android:permission="android.permission.BIND_JOB_SERVICE" />
154-->[com.google.android.gms:play-services-measurement:21.3.0] AndroidManifest.xml:43:13-69
155
156        <meta-data
156-->[com.google.android.gms:play-services-basement:18.2.0] AndroidManifest.xml:21:9-23:69
157            android:name="com.google.android.gms.version"
157-->[com.google.android.gms:play-services-basement:18.2.0] AndroidManifest.xml:22:13-58
158            android:value="@integer/google_play_services_version" />
158-->[com.google.android.gms:play-services-basement:18.2.0] AndroidManifest.xml:23:13-66
159
160        <provider
160-->[androidx.emoji2:emoji2:1.4.0] AndroidManifest.xml:24:9-32:20
161            android:name="androidx.startup.InitializationProvider"
161-->[androidx.emoji2:emoji2:1.4.0] AndroidManifest.xml:25:13-67
162            android:authorities="com.dramalive.app.androidx-startup"
162-->[androidx.emoji2:emoji2:1.4.0] AndroidManifest.xml:26:13-68
163            android:exported="false" >
163-->[androidx.emoji2:emoji2:1.4.0] AndroidManifest.xml:27:13-37
164            <meta-data
164-->[androidx.emoji2:emoji2:1.4.0] AndroidManifest.xml:29:13-31:52
165                android:name="androidx.emoji2.text.EmojiCompatInitializer"
165-->[androidx.emoji2:emoji2:1.4.0] AndroidManifest.xml:30:17-75
166                android:value="androidx.startup" />
166-->[androidx.emoji2:emoji2:1.4.0] AndroidManifest.xml:31:17-49
167            <meta-data
167-->[androidx.lifecycle:lifecycle-process:2.6.2] AndroidManifest.xml:29:13-31:52
168                android:name="androidx.lifecycle.ProcessLifecycleInitializer"
168-->[androidx.lifecycle:lifecycle-process:2.6.2] AndroidManifest.xml:30:17-78
169                android:value="androidx.startup" />
169-->[androidx.lifecycle:lifecycle-process:2.6.2] AndroidManifest.xml:31:17-49
170            <meta-data
170-->[androidx.profileinstaller:profileinstaller:1.3.1] AndroidManifest.xml:29:13-31:52
171                android:name="androidx.profileinstaller.ProfileInstallerInitializer"
171-->[androidx.profileinstaller:profileinstaller:1.3.1] AndroidManifest.xml:30:17-85
172                android:value="androidx.startup" />
172-->[androidx.profileinstaller:profileinstaller:1.3.1] AndroidManifest.xml:31:17-49
173        </provider>
174
175        <receiver
175-->[androidx.profileinstaller:profileinstaller:1.3.1] AndroidManifest.xml:34:9-52:20
176            android:name="androidx.profileinstaller.ProfileInstallReceiver"
176-->[androidx.profileinstaller:profileinstaller:1.3.1] AndroidManifest.xml:35:13-76
177            android:directBootAware="false"
177-->[androidx.profileinstaller:profileinstaller:1.3.1] AndroidManifest.xml:36:13-44
178            android:enabled="true"
178-->[androidx.profileinstaller:profileinstaller:1.3.1] AndroidManifest.xml:37:13-35
179            android:exported="true"
179-->[androidx.profileinstaller:profileinstaller:1.3.1] AndroidManifest.xml:38:13-36
180            android:permission="android.permission.DUMP" >
180-->[androidx.profileinstaller:profileinstaller:1.3.1] AndroidManifest.xml:39:13-57
181            <intent-filter>
181-->[androidx.profileinstaller:profileinstaller:1.3.1] AndroidManifest.xml:40:13-42:29
182                <action android:name="androidx.profileinstaller.action.INSTALL_PROFILE" />
182-->[androidx.profileinstaller:profileinstaller:1.3.1] AndroidManifest.xml:41:17-91
182-->[androidx.profileinstaller:profileinstaller:1.3.1] AndroidManifest.xml:41:25-88
183            </intent-filter>
184            <intent-filter>
184-->[androidx.profileinstaller:profileinstaller:1.3.1] AndroidManifest.xml:43:13-45:29
185                <action android:name="androidx.profileinstaller.action.SKIP_FILE" />
185-->[androidx.profileinstaller:profileinstaller:1.3.1] AndroidManifest.xml:44:17-85
185-->[androidx.profileinstaller:profileinstaller:1.3.1] AndroidManifest.xml:44:25-82
186            </intent-filter>
187            <intent-filter>
187-->[androidx.profileinstaller:profileinstaller:1.3.1] AndroidManifest.xml:46:13-48:29
188                <action android:name="androidx.profileinstaller.action.SAVE_PROFILE" />
188-->[androidx.profileinstaller:profileinstaller:1.3.1] AndroidManifest.xml:47:17-88
188-->[androidx.profileinstaller:profileinstaller:1.3.1] AndroidManifest.xml:47:25-85
189            </intent-filter>
190            <intent-filter>
190-->[androidx.profileinstaller:profileinstaller:1.3.1] AndroidManifest.xml:49:13-51:29
191                <action android:name="androidx.profileinstaller.action.BENCHMARK_OPERATION" />
191-->[androidx.profileinstaller:profileinstaller:1.3.1] AndroidManifest.xml:50:17-95
191-->[androidx.profileinstaller:profileinstaller:1.3.1] AndroidManifest.xml:50:25-92
192            </intent-filter>
193        </receiver>
194    </application>
195
196</manifest>